{"D:\\Works\\weiyi\\bxs-js-tools\\src\\VERSION\\VERSION.ts": {"path":"D:\\Works\\weiyi\\bxs-js-tools\\src\\VERSION\\VERSION.ts","statementMap":{"0":{"start":{"line":6,"column":0},"end":{"line":6,"column":44}},"1":{"start":{"line":8,"column":0},"end":{"line":8,"column":null}}},"fnMap":{},"branchMap":{},"s":{"0":1,"1":1},"f":{},"b":{}}
,"D:\\Works\\weiyi\\bxs-js-tools\\src\\_getUaString\\_getUaString.ts": {"path":"D:\\Works\\weiyi\\bxs-js-tools\\src\\_getUaString\\_getUaString.ts","statementMap":{"0":{"start":{"line":12,"column":2},"end":{"line":16,"column":null}},"1":{"start":{"line":13,"column":4},"end":{"line":13,"column":null}},"2":{"start":{"line":15,"column":4},"end":{"line":15,"column":null}},"3":{"start":{"line":17,"column":2},"end":{"line":17,"column":null}},"4":{"start":{"line":10,"column":0},"end":{"line":10,"column":24}}},"fnMap":{"0":{"name":"_getUaString","decl":{"start":{"line":10,"column":24},"end":{"line":10,"column":36}},"loc":{"start":{"line":10,"column":48},"end":{"line":18,"column":1}}}},"branchMap":{"0":{"loc":{"start":{"line":12,"column":2},"end":{"line":16,"column":null}},"type":"if","locations":[{"start":{"line":12,"column":2},"end":{"line":16,"column":null}},{"start":{"line":12,"column":2},"end":{"line":16,"column":null}}]},"1":{"loc":{"start":{"line":13,"column":27},"end":{"line":13,"column":46}},"type":"cond-expr","locations":[{"start":{"line":13,"column":27},"end":{"line":13,"column":46}},{"start":{"line":13,"column":49},"end":{"line":13,"column":51}}]},"2":{"loc":{"start":{"line":15,"column":40},"end":{"line":15,"column":42}},"type":"cond-expr","locations":[{"start":{"line":15,"column":40},"end":{"line":15,"column":42}},{"start":{"line":15,"column":45},"end":{"line":15,"column":47}}]}},"s":{"0":166,"1":73,"2":93,"3":166,"4":9},"f":{"0":166},"b":{"0":[73,93],"1":[65,8],"2":[20,73]}}
,"D:\\Works\\weiyi\\bxs-js-tools\\src\\_isDate\\_isDate.ts": {"path":"D:\\Works\\weiyi\\bxs-js-tools\\src\\_isDate\\_isDate.ts","statementMap":{"0":{"start":{"line":11,"column":2},"end":{"line":15,"column":null}},"1":{"start":{"line":10,"column":0},"end":{"line":10,"column":24}}},"fnMap":{"0":{"name":"_isDate","decl":{"start":{"line":10,"column":24},"end":{"line":10,"column":31}},"loc":{"start":{"line":10,"column":37},"end":{"line":16,"column":1}}}},"branchMap":{"0":{"loc":{"start":{"line":12,"column":4},"end":{"line":12,"column":29}},"type":"binary-expr","locations":[{"start":{"line":12,"column":4},"end":{"line":12,"column":29}},{"start":{"line":13,"column":4},"end":{"line":13,"column":18}},{"start":{"line":14,"column":4},"end":{"line":14,"column":61}}]}},"s":{"0":148,"1":2},"f":{"0":148},"b":{"0":[148,140,138]}}
,"D:\\Works\\weiyi\\bxs-js-tools\\src\\_isProdEnv\\_isProdEnv.ts": {"path":"D:\\Works\\weiyi\\bxs-js-tools\\src\\_isProdEnv\\_isProdEnv.ts","statementMap":{"0":{"start":{"line":12,"column":19},"end":{"line":12,"column":52}},"1":{"start":{"line":13,"column":2},"end":{"line":17,"column":null}},"2":{"start":{"line":10,"column":0},"end":{"line":10,"column":24}}},"fnMap":{"0":{"name":"_isProdEnv","decl":{"start":{"line":10,"column":24},"end":{"line":10,"column":34}},"loc":{"start":{"line":10,"column":34},"end":{"line":18,"column":1}}}},"branchMap":{"0":{"loc":{"start":{"line":12,"column":30},"end":{"line":12,"column":47}},"type":"cond-expr","locations":[{"start":{"line":12,"column":30},"end":{"line":12,"column":47}},{"start":{"line":12,"column":50},"end":{"line":12,"column":52}}]},"1":{"loc":{"start":{"line":14,"column":5},"end":{"line":14,"column":41}},"type":"binary-expr","locations":[{"start":{"line":14,"column":5},"end":{"line":14,"column":41}},{"start":{"line":15,"column":6},"end":{"line":15,"column":40}},{"start":{"line":16,"column":4},"end":{"line":16,"column":30}}]}},"s":{"0":18,"1":18,"2":1},"f":{"0":18},"b":{"0":[17,1],"1":[18,7,12]}}
,"D:\\Works\\weiyi\\bxs-js-tools\\src\\calcAge\\calcAge.ts": {"path":"D:\\Works\\weiyi\\bxs-js-tools\\src\\calcAge\\calcAge.ts","statementMap":{"0":{"start":{"line":1,"column":0},"end":{"line":1,"column":25}},"1":{"start":{"line":2,"column":0},"end":{"line":2,"column":40}},"2":{"start":{"line":35,"column":2},"end":{"line":35,"column":null}},"3":{"start":{"line":37,"column":2},"end":{"line":37,"column":null}},"4":{"start":{"line":37,"column":27},"end":{"line":37,"column":null}},"5":{"start":{"line":38,"column":2},"end":{"line":38,"column":null}},"6":{"start":{"line":38,"column":25},"end":{"line":38,"column":null}},"7":{"start":{"line":40,"column":14},"end":{"line":40,"column":23}},"8":{"start":{"line":41,"column":12},"end":{"line":41,"column":19}},"9":{"start":{"line":42,"column":2},"end":{"line":42,"column":46}},"10":{"start":{"line":42,"column":19},"end":{"line":42,"column":46}},"11":{"start":{"line":44,"column":19},"end":{"line":44,"column":31}},"12":{"start":{"line":45,"column":17},"end":{"line":45,"column":27}},"13":{"start":{"line":47,"column":19},"end":{"line":47,"column":48}},"14":{"start":{"line":48,"column":20},"end":{"line":48,"column":72}},"15":{"start":{"line":49,"column":18},"end":{"line":51,"column":null}},"16":{"start":{"line":53,"column":25},"end":{"line":53,"column":55}},"17":{"start":{"line":54,"column":23},"end":{"line":54,"column":51}},"18":{"start":{"line":56,"column":2},"end":{"line":62,"column":null}},"19":{"start":{"line":33,"column":0},"end":{"line":33,"column":24}}},"fnMap":{"0":{"name":"calcAge","decl":{"start":{"line":33,"column":24},"end":{"line":33,"column":31}},"loc":{"start":{"line":35,"column":28},"end":{"line":63,"column":1}}}},"branchMap":{"0":{"loc":{"start":{"line":35,"column":2},"end":{"line":35,"column":null}},"type":"if","locations":[{"start":{"line":35,"column":2},"end":{"line":35,"column":null}},{"start":{"line":35,"column":2},"end":{"line":35,"column":null}}]},"1":{"loc":{"start":{"line":37,"column":2},"end":{"line":37,"column":null}},"type":"if","locations":[{"start":{"line":37,"column":2},"end":{"line":37,"column":null}},{"start":{"line":37,"column":2},"end":{"line":37,"column":null}}]},"2":{"loc":{"start":{"line":38,"column":2},"end":{"line":38,"column":null}},"type":"if","locations":[{"start":{"line":38,"column":2},"end":{"line":38,"column":null}},{"start":{"line":38,"column":2},"end":{"line":38,"column":null}}]},"3":{"loc":{"start":{"line":42,"column":2},"end":{"line":42,"column":46}},"type":"if","locations":[{"start":{"line":42,"column":2},"end":{"line":42,"column":46}},{"start":{"line":42,"column":2},"end":{"line":42,"column":46}}]}},"s":{"0":1,"1":1,"2":13,"3":12,"4":1,"5":11,"6":4,"7":7,"8":7,"9":7,"10":1,"11":7,"12":7,"13":7,"14":7,"15":7,"16":7,"17":7,"18":7,"19":1},"f":{"0":12},"b":{"0":[1,11],"1":[1,11],"2":[4,7],"3":[1,6]}}
,"D:\\Works\\weiyi\\bxs-js-tools\\src\\getAppVersion\\getAppVersion.ts": {"path":"D:\\Works\\weiyi\\bxs-js-tools\\src\\getAppVersion\\getAppVersion.ts","statementMap":{"0":{"start":{"line":1,"column":0},"end":{"line":1,"column":55}},"1":{"start":{"line":14,"column":19},"end":{"line":14,"column":35}},"2":{"start":{"line":15,"column":2},"end":{"line":15,"column":null}},"3":{"start":{"line":16,"column":2},"end":{"line":18,"column":null}},"4":{"start":{"line":17,"column":4},"end":{"line":17,"column":null}},"5":{"start":{"line":19,"column":2},"end":{"line":19,"column":null}},"6":{"start":{"line":20,"column":2},"end":{"line":22,"column":null}},"7":{"start":{"line":21,"column":4},"end":{"line":21,"column":null}},"8":{"start":{"line":23,"column":2},"end":{"line":23,"column":null}},"9":{"start":{"line":24,"column":2},"end":{"line":26,"column":null}},"10":{"start":{"line":25,"column":4},"end":{"line":25,"column":null}},"11":{"start":{"line":27,"column":2},"end":{"line":27,"column":null}},"12":{"start":{"line":28,"column":2},"end":{"line":30,"column":null}},"13":{"start":{"line":29,"column":4},"end":{"line":29,"column":null}},"14":{"start":{"line":31,"column":2},"end":{"line":31,"column":null}},"15":{"start":{"line":12,"column":0},"end":{"line":12,"column":24}}},"fnMap":{"0":{"name":"getAppVersion","decl":{"start":{"line":12,"column":24},"end":{"line":12,"column":37}},"loc":{"start":{"line":12,"column":49},"end":{"line":32,"column":1}}}},"branchMap":{"0":{"loc":{"start":{"line":16,"column":2},"end":{"line":18,"column":null}},"type":"if","locations":[{"start":{"line":16,"column":2},"end":{"line":18,"column":null}},{"start":{"line":16,"column":2},"end":{"line":18,"column":null}}]},"1":{"loc":{"start":{"line":16,"column":6},"end":{"line":16,"column":18}},"type":"binary-expr","locations":[{"start":{"line":16,"column":6},"end":{"line":16,"column":18}},{"start":{"line":16,"column":22},"end":{"line":16,"column":35}}]},"2":{"loc":{"start":{"line":20,"column":2},"end":{"line":22,"column":null}},"type":"if","locations":[{"start":{"line":20,"column":2},"end":{"line":22,"column":null}},{"start":{"line":20,"column":2},"end":{"line":22,"column":null}}]},"3":{"loc":{"start":{"line":20,"column":6},"end":{"line":20,"column":18}},"type":"binary-expr","locations":[{"start":{"line":20,"column":6},"end":{"line":20,"column":18}},{"start":{"line":20,"column":22},"end":{"line":20,"column":35}}]},"4":{"loc":{"start":{"line":24,"column":2},"end":{"line":26,"column":null}},"type":"if","locations":[{"start":{"line":24,"column":2},"end":{"line":26,"column":null}},{"start":{"line":24,"column":2},"end":{"line":26,"column":null}}]},"5":{"loc":{"start":{"line":24,"column":6},"end":{"line":24,"column":18}},"type":"binary-expr","locations":[{"start":{"line":24,"column":6},"end":{"line":24,"column":18}},{"start":{"line":24,"column":22},"end":{"line":24,"column":35}}]},"6":{"loc":{"start":{"line":28,"column":2},"end":{"line":30,"column":null}},"type":"if","locations":[{"start":{"line":28,"column":2},"end":{"line":30,"column":null}},{"start":{"line":28,"column":2},"end":{"line":30,"column":null}}]},"7":{"loc":{"start":{"line":28,"column":6},"end":{"line":28,"column":18}},"type":"binary-expr","locations":[{"start":{"line":28,"column":6},"end":{"line":28,"column":18}},{"start":{"line":28,"column":22},"end":{"line":28,"column":35}}]}},"s":{"0":1,"1":24,"2":24,"3":24,"4":8,"5":16,"6":16,"7":4,"8":12,"9":12,"10":2,"11":10,"12":10,"13":2,"14":8,"15":1},"f":{"0":24},"b":{"0":[8,16],"1":[24,8],"2":[4,12],"3":[16,4],"4":[2,10],"5":[12,2],"6":[2,8],"7":[10,2]}}
,"D:\\Works\\weiyi\\bxs-js-tools\\src\\humanTime\\humanTime.ts": {"path":"D:\\Works\\weiyi\\bxs-js-tools\\src\\humanTime\\humanTime.ts","statementMap":{"0":{"start":{"line":1,"column":0},"end":{"line":1,"column":25}},"1":{"start":{"line":2,"column":0},"end":{"line":2,"column":58}},"2":{"start":{"line":3,"column":0},"end":{"line":3,"column":40}},"3":{"start":{"line":5,"column":0},"end":{"line":5,"column":null}},"4":{"start":{"line":6,"column":0},"end":{"line":22,"column":null}},"5":{"start":{"line":41,"column":2},"end":{"line":41,"column":null}},"6":{"start":{"line":44,"column":2},"end":{"line":45,"column":null}},"7":{"start":{"line":45,"column":4},"end":{"line":45,"column":null}},"8":{"start":{"line":46,"column":2},"end":{"line":46,"column":null}},"9":{"start":{"line":46,"column":26},"end":{"line":46,"column":null}},"10":{"start":{"line":47,"column":2},"end":{"line":48,"column":null}},"11":{"start":{"line":48,"column":4},"end":{"line":48,"column":null}},"12":{"start":{"line":50,"column":2},"end":{"line":50,"column":null}},"13":{"start":{"line":39,"column":0},"end":{"line":39,"column":24}}},"fnMap":{"0":{"name":"humanTime","decl":{"start":{"line":39,"column":24},"end":{"line":39,"column":33}},"loc":{"start":{"line":42,"column":25},"end":{"line":51,"column":1}}}},"branchMap":{"0":{"loc":{"start":{"line":41,"column":2},"end":{"line":41,"column":null}},"type":"if","locations":[{"start":{"line":41,"column":2},"end":{"line":41,"column":null}},{"start":{"line":41,"column":2},"end":{"line":41,"column":null}}]},"1":{"loc":{"start":{"line":44,"column":2},"end":{"line":45,"column":null}},"type":"if","locations":[{"start":{"line":44,"column":2},"end":{"line":45,"column":null}},{"start":{"line":44,"column":2},"end":{"line":45,"column":null}}]},"2":{"loc":{"start":{"line":46,"column":2},"end":{"line":46,"column":null}},"type":"if","locations":[{"start":{"line":46,"column":2},"end":{"line":46,"column":null}},{"start":{"line":46,"column":2},"end":{"line":46,"column":null}}]},"3":{"loc":{"start":{"line":47,"column":2},"end":{"line":48,"column":null}},"type":"if","locations":[{"start":{"line":47,"column":2},"end":{"line":48,"column":null}},{"start":{"line":47,"column":2},"end":{"line":48,"column":null}}]},"4":{"loc":{"start":{"line":47,"column":6},"end":{"line":47,"column":33}},"type":"binary-expr","locations":[{"start":{"line":47,"column":6},"end":{"line":47,"column":33}},{"start":{"line":47,"column":37},"end":{"line":47,"column":71}}]}},"s":{"0":1,"1":1,"2":1,"3":1,"4":1,"5":64,"6":63,"7":1,"8":62,"9":4,"10":58,"11":3,"12":55,"13":1},"f":{"0":63},"b":{"0":[1,62],"1":[1,62],"2":[4,58],"3":[3,55],"4":[58,4]}}
,"D:\\Works\\weiyi\\bxs-js-tools\\src\\isAndroid\\isAndroid.ts": {"path":"D:\\Works\\weiyi\\bxs-js-tools\\src\\isAndroid\\isAndroid.ts","statementMap":{"0":{"start":{"line":1,"column":0},"end":{"line":1,"column":55}},"1":{"start":{"line":13,"column":2},"end":{"line":13,"column":null}},"2":{"start":{"line":12,"column":0},"end":{"line":12,"column":24}}},"fnMap":{"0":{"name":"isAndroid","decl":{"start":{"line":12,"column":24},"end":{"line":12,"column":33}},"loc":{"start":{"line":12,"column":45},"end":{"line":14,"column":1}}}},"branchMap":{},"s":{"0":1,"1":14,"2":1},"f":{"0":14},"b":{}}
,"D:\\Works\\weiyi\\bxs-js-tools\\src\\isApp\\isApp.ts": {"path":"D:\\Works\\weiyi\\bxs-js-tools\\src\\isApp\\isApp.ts","statementMap":{"0":{"start":{"line":1,"column":0},"end":{"line":1,"column":43}},"1":{"start":{"line":2,"column":0},"end":{"line":2,"column":52}},"2":{"start":{"line":3,"column":0},"end":{"line":3,"column":43}},"3":{"start":{"line":4,"column":0},"end":{"line":4,"column":43}},"4":{"start":{"line":17,"column":2},"end":{"line":17,"column":null}},"5":{"start":{"line":16,"column":0},"end":{"line":16,"column":24}}},"fnMap":{"0":{"name":"isApp","decl":{"start":{"line":16,"column":24},"end":{"line":16,"column":29}},"loc":{"start":{"line":16,"column":41},"end":{"line":18,"column":1}}}},"branchMap":{"0":{"loc":{"start":{"line":17,"column":9},"end":{"line":17,"column":21}},"type":"binary-expr","locations":[{"start":{"line":17,"column":9},"end":{"line":17,"column":21}},{"start":{"line":17,"column":25},"end":{"line":17,"column":40}},{"start":{"line":17,"column":44},"end":{"line":17,"column":56}},{"start":{"line":17,"column":60},"end":{"line":17,"column":72}}]}},"s":{"0":1,"1":1,"2":1,"3":1,"4":8,"5":1},"f":{"0":8},"b":{"0":[8,5,4,3]}}
,"D:\\Works\\weiyi\\bxs-js-tools\\src\\isBrokerApp\\isBrokerApp.ts": {"path":"D:\\Works\\weiyi\\bxs-js-tools\\src\\isBrokerApp\\isBrokerApp.ts","statementMap":{"0":{"start":{"line":1,"column":0},"end":{"line":1,"column":55}},"1":{"start":{"line":13,"column":2},"end":{"line":13,"column":null}},"2":{"start":{"line":12,"column":0},"end":{"line":12,"column":24}}},"fnMap":{"0":{"name":"isBrokerApp","decl":{"start":{"line":12,"column":24},"end":{"line":12,"column":35}},"loc":{"start":{"line":12,"column":47},"end":{"line":14,"column":1}}}},"branchMap":{},"s":{"0":2,"1":23,"2":2},"f":{"0":23},"b":{}}
,"D:\\Works\\weiyi\\bxs-js-tools\\src\\isBxsApp\\isBxsApp.ts": {"path":"D:\\Works\\weiyi\\bxs-js-tools\\src\\isBxsApp\\isBxsApp.ts","statementMap":{"0":{"start":{"line":1,"column":0},"end":{"line":1,"column":55}},"1":{"start":{"line":13,"column":2},"end":{"line":13,"column":null}},"2":{"start":{"line":12,"column":0},"end":{"line":12,"column":24}}},"fnMap":{"0":{"name":"isBxsApp","decl":{"start":{"line":12,"column":24},"end":{"line":12,"column":32}},"loc":{"start":{"line":12,"column":44},"end":{"line":14,"column":1}}}},"branchMap":{},"s":{"0":2,"1":26,"2":2},"f":{"0":26},"b":{}}
,"D:\\Works\\weiyi\\bxs-js-tools\\src\\isIP\\isIP.ts": {"path":"D:\\Works\\weiyi\\bxs-js-tools\\src\\isIP\\isIP.ts","statementMap":{"0":{"start":{"line":1,"column":18},"end":{"line":1,"column":64}},"1":{"start":{"line":2,"column":18},"end":{"line":2,"column":36}},"2":{"start":{"line":14,"column":2},"end":{"line":16,"column":null}},"3":{"start":{"line":15,"column":4},"end":{"line":15,"column":null}},"4":{"start":{"line":17,"column":2},"end":{"line":19,"column":null}},"5":{"start":{"line":18,"column":4},"end":{"line":18,"column":null}},"6":{"start":{"line":20,"column":2},"end":{"line":22,"column":null}},"7":{"start":{"line":21,"column":4},"end":{"line":21,"column":null}},"8":{"start":{"line":23,"column":2},"end":{"line":31,"column":null}},"9":{"start":{"line":24,"column":4},"end":{"line":26,"column":null}},"10":{"start":{"line":25,"column":6},"end":{"line":25,"column":null}},"11":{"start":{"line":27,"column":18},"end":{"line":29,"column":72}},"12":{"start":{"line":29,"column":38},"end":{"line":29,"column":72}},"13":{"start":{"line":30,"column":4},"end":{"line":30,"column":null}},"14":{"start":{"line":32,"column":2},"end":{"line":79,"column":null}},"15":{"start":{"line":33,"column":19},"end":{"line":33,"column":33}},"16":{"start":{"line":34,"column":29},"end":{"line":34,"column":34}},"17":{"start":{"line":40,"column":37},"end":{"line":40,"column":71}},"18":{"start":{"line":41,"column":35},"end":{"line":41,"column":67}},"19":{"start":{"line":43,"column":4},"end":{"line":45,"column":null}},"20":{"start":{"line":44,"column":6},"end":{"line":44,"column":null}},"21":{"start":{"line":47,"column":4},"end":{"line":49,"column":null}},"22":{"start":{"line":48,"column":6},"end":{"line":48,"column":null}},"23":{"start":{"line":50,"column":4},"end":{"line":58,"column":null}},"24":{"start":{"line":51,"column":6},"end":{"line":51,"column":null}},"25":{"start":{"line":52,"column":6},"end":{"line":52,"column":null}},"26":{"start":{"line":53,"column":6},"end":{"line":53,"column":null}},"27":{"start":{"line":54,"column":11},"end":{"line":58,"column":null}},"28":{"start":{"line":55,"column":6},"end":{"line":55,"column":null}},"29":{"start":{"line":56,"column":6},"end":{"line":56,"column":null}},"30":{"start":{"line":57,"column":6},"end":{"line":57,"column":null}},"31":{"start":{"line":60,"column":4},"end":{"line":74,"column":null}},"32":{"start":{"line":60,"column":17},"end":{"line":60,"column":18}},"33":{"start":{"line":63,"column":6},"end":{"line":73,"column":null}},"34":{"start":{"line":64,"column":8},"end":{"line":66,"column":null}},"35":{"start":{"line":65,"column":10},"end":{"line":65,"column":23}},"36":{"start":{"line":67,"column":8},"end":{"line":67,"column":null}},"37":{"start":{"line":68,"column":13},"end":{"line":73,"column":null}},"38":{"start":{"line":71,"column":13},"end":{"line":73,"column":null}},"39":{"start":{"line":72,"column":8},"end":{"line":72,"column":null}},"40":{"start":{"line":75,"column":4},"end":{"line":77,"column":null}},"41":{"start":{"line":76,"column":6},"end":{"line":76,"column":null}},"42":{"start":{"line":78,"column":4},"end":{"line":78,"column":null}},"43":{"start":{"line":80,"column":2},"end":{"line":80,"column":null}},"44":{"start":{"line":13,"column":0},"end":{"line":13,"column":24}}},"fnMap":{"0":{"name":"isIP","decl":{"start":{"line":13,"column":24},"end":{"line":13,"column":28}},"loc":{"start":{"line":13,"column":58},"end":{"line":81,"column":1}}},"1":{"name":"(anonymous_1)","decl":{"start":{"line":29,"column":12},"end":{"line":29,"column":13}},"loc":{"start":{"line":29,"column":33},"end":{"line":29,"column":46}}}},"branchMap":{"0":{"loc":{"start":{"line":14,"column":2},"end":{"line":16,"column":null}},"type":"if","locations":[{"start":{"line":14,"column":2},"end":{"line":16,"column":null}},{"start":{"line":14,"column":2},"end":{"line":16,"column":null}}]},"1":{"loc":{"start":{"line":17,"column":2},"end":{"line":19,"column":null}},"type":"if","locations":[{"start":{"line":17,"column":2},"end":{"line":19,"column":null}},{"start":{"line":17,"column":2},"end":{"line":19,"column":null}}]},"2":{"loc":{"start":{"line":17,"column":6},"end":{"line":17,"column":13}},"type":"binary-expr","locations":[{"start":{"line":17,"column":6},"end":{"line":17,"column":13}},{"start":{"line":17,"column":17},"end":{"line":17,"column":44}}]},"3":{"loc":{"start":{"line":20,"column":2},"end":{"line":22,"column":null}},"type":"if","locations":[{"start":{"line":20,"column":2},"end":{"line":22,"column":null}},{"start":{"line":20,"column":2},"end":{"line":22,"column":null}}]},"4":{"loc":{"start":{"line":21,"column":11},"end":{"line":21,"column":23}},"type":"binary-expr","locations":[{"start":{"line":21,"column":11},"end":{"line":21,"column":23}},{"start":{"line":21,"column":27},"end":{"line":21,"column":39}}]},"5":{"loc":{"start":{"line":23,"column":2},"end":{"line":31,"column":null}},"type":"if","locations":[{"start":{"line":23,"column":2},"end":{"line":31,"column":null}},{"start":{"line":23,"column":2},"end":{"line":31,"column":null}}]},"6":{"loc":{"start":{"line":24,"column":4},"end":{"line":26,"column":null}},"type":"if","locations":[{"start":{"line":24,"column":4},"end":{"line":26,"column":null}},{"start":{"line":24,"column":4},"end":{"line":26,"column":null}}]},"7":{"loc":{"start":{"line":32,"column":2},"end":{"line":79,"column":null}},"type":"if","locations":[{"start":{"line":32,"column":2},"end":{"line":79,"column":null}},{"start":{"line":32,"column":2},"end":{"line":79,"column":null}}]},"8":{"loc":{"start":{"line":41,"column":62},"end":{"line":41,"column":63}},"type":"cond-expr","locations":[{"start":{"line":41,"column":62},"end":{"line":41,"column":63}},{"start":{"line":41,"column":66},"end":{"line":41,"column":67}}]},"9":{"loc":{"start":{"line":43,"column":4},"end":{"line":45,"column":null}},"type":"if","locations":[{"start":{"line":43,"column":4},"end":{"line":45,"column":null}},{"start":{"line":43,"column":4},"end":{"line":45,"column":null}}]},"10":{"loc":{"start":{"line":47,"column":4},"end":{"line":49,"column":null}},"type":"if","locations":[{"start":{"line":47,"column":4},"end":{"line":49,"column":null}},{"start":{"line":47,"column":4},"end":{"line":49,"column":null}}]},"11":{"loc":{"start":{"line":50,"column":4},"end":{"line":58,"column":null}},"type":"if","locations":[{"start":{"line":50,"column":4},"end":{"line":58,"column":null}},{"start":{"line":50,"column":4},"end":{"line":58,"column":null}}]},"12":{"loc":{"start":{"line":54,"column":11},"end":{"line":58,"column":null}},"type":"if","locations":[{"start":{"line":54,"column":11},"end":{"line":58,"column":null}},{"start":{"line":54,"column":11},"end":{"line":58,"column":null}}]},"13":{"loc":{"start":{"line":63,"column":6},"end":{"line":73,"column":null}},"type":"if","locations":[{"start":{"line":63,"column":6},"end":{"line":73,"column":null}},{"start":{"line":63,"column":6},"end":{"line":73,"column":null}}]},"14":{"loc":{"start":{"line":63,"column":10},"end":{"line":63,"column":26}},"type":"binary-expr","locations":[{"start":{"line":63,"column":10},"end":{"line":63,"column":26}},{"start":{"line":63,"column":30},"end":{"line":63,"column":35}},{"start":{"line":63,"column":39},"end":{"line":63,"column":60}}]},"15":{"loc":{"start":{"line":64,"column":8},"end":{"line":66,"column":null}},"type":"if","locations":[{"start":{"line":64,"column":8},"end":{"line":66,"column":null}},{"start":{"line":64,"column":8},"end":{"line":66,"column":null}}]},"16":{"loc":{"start":{"line":68,"column":13},"end":{"line":73,"column":null}},"type":"if","locations":[{"start":{"line":68,"column":13},"end":{"line":73,"column":null}},{"start":{"line":68,"column":13},"end":{"line":73,"column":null}}]},"17":{"loc":{"start":{"line":68,"column":17},"end":{"line":68,"column":41}},"type":"binary-expr","locations":[{"start":{"line":68,"column":17},"end":{"line":68,"column":41}},{"start":{"line":68,"column":45},"end":{"line":68,"column":68}}]},"18":{"loc":{"start":{"line":71,"column":13},"end":{"line":73,"column":null}},"type":"if","locations":[{"start":{"line":71,"column":13},"end":{"line":73,"column":null}},{"start":{"line":71,"column":13},"end":{"line":73,"column":null}}]},"19":{"loc":{"start":{"line":75,"column":4},"end":{"line":77,"column":null}},"type":"if","locations":[{"start":{"line":75,"column":4},"end":{"line":77,"column":null}},{"start":{"line":75,"column":4},"end":{"line":77,"column":null}}]}},"s":{"0":1,"1":1,"2":147,"3":1,"4":146,"5":1,"6":145,"7":38,"8":107,"9":72,"10":57,"11":15,"12":75,"13":15,"14":35,"15":34,"16":34,"17":34,"18":34,"19":34,"20":3,"21":31,"22":1,"23":30,"24":8,"25":8,"26":8,"27":22,"28":3,"29":3,"30":3,"31":30,"32":30,"33":69,"34":3,"35":1,"36":2,"37":66,"38":62,"39":15,"40":14,"41":8,"42":6,"43":1,"44":1},"f":{"0":147,"1":75},"b":{"0":[1,146],"1":[1,145],"2":[146,108],"3":[38,107],"4":[38,34],"5":[72,35],"6":[57,15],"7":[34,1],"8":[5,29],"9":[3,31],"10":[1,30],"11":[8,22],"12":[3,19],"13":[3,66],"14":[69,6,4],"15":[1,2],"16":[4,62],"17":[66,17],"18":[15,47],"19":[8,6]}}
,"D:\\Works\\weiyi\\bxs-js-tools\\src\\isIdentityCard\\isIdentityCard.ts": {"path":"D:\\Works\\weiyi\\bxs-js-tools\\src\\isIdentityCard\\isIdentityCard.ts","statementMap":{"0":{"start":{"line":2,"column":16},"end":{"line":2,"column":47}},"1":{"start":{"line":3,"column":14},"end":{"line":3,"column":43}},"2":{"start":{"line":5,"column":2},"end":{"line":7,"column":null}},"3":{"start":{"line":6,"column":4},"end":{"line":6,"column":null}},"4":{"start":{"line":8,"column":2},"end":{"line":8,"column":null}},"5":{"start":{"line":11,"column":2},"end":{"line":11,"column":null}},"6":{"start":{"line":25,"column":2},"end":{"line":27,"column":null}},"7":{"start":{"line":26,"column":4},"end":{"line":26,"column":null}},"8":{"start":{"line":29,"column":14},"end":{"line":29,"column":30}},"9":{"start":{"line":30,"column":14},"end":{"line":30,"column":30}},"10":{"start":{"line":31,"column":2},"end":{"line":33,"column":null}},"11":{"start":{"line":32,"column":4},"end":{"line":32,"column":null}},"12":{"start":{"line":34,"column":15},"end":{"line":34,"column":30}},"13":{"start":{"line":35,"column":16},"end":{"line":35,"column":32}},"14":{"start":{"line":36,"column":19},"end":{"line":36,"column":32}},"15":{"start":{"line":37,"column":2},"end":{"line":39,"column":null}},"16":{"start":{"line":38,"column":4},"end":{"line":38,"column":null}},"17":{"start":{"line":40,"column":2},"end":{"line":42,"column":null}},"18":{"start":{"line":41,"column":4},"end":{"line":41,"column":null}},"19":{"start":{"line":44,"column":12},"end":{"line":44,"column":13}},"20":{"start":{"line":45,"column":2},"end":{"line":47,"column":null}},"21":{"start":{"line":45,"column":15},"end":{"line":45,"column":16}},"22":{"start":{"line":46,"column":4},"end":{"line":46,"column":null}},"23":{"start":{"line":48,"column":18},"end":{"line":48,"column":33}},"24":{"start":{"line":49,"column":19},"end":{"line":49,"column":21}},"25":{"start":{"line":50,"column":2},"end":{"line":56,"column":null}},"26":{"start":{"line":51,"column":4},"end":{"line":51,"column":null}},"27":{"start":{"line":52,"column":9},"end":{"line":56,"column":null}},"28":{"start":{"line":53,"column":4},"end":{"line":53,"column":null}},"29":{"start":{"line":55,"column":4},"end":{"line":55,"column":null}},"30":{"start":{"line":57,"column":2},"end":{"line":57,"column":null}},"31":{"start":{"line":24,"column":0},"end":{"line":24,"column":24}}},"fnMap":{"0":{"name":"checkBirth","decl":{"start":{"line":1,"column":9},"end":{"line":1,"column":19}},"loc":{"start":{"line":1,"column":33},"end":{"line":9,"column":1}}},"1":{"name":"weight","decl":{"start":{"line":10,"column":9},"end":{"line":10,"column":15}},"loc":{"start":{"line":10,"column":25},"end":{"line":12,"column":1}}},"2":{"name":"isIdentityCard","decl":{"start":{"line":24,"column":24},"end":{"line":24,"column":38}},"loc":{"start":{"line":24,"column":66},"end":{"line":58,"column":1}}}},"branchMap":{"0":{"loc":{"start":{"line":5,"column":2},"end":{"line":7,"column":null}},"type":"if","locations":[{"start":{"line":5,"column":2},"end":{"line":7,"column":null}},{"start":{"line":5,"column":2},"end":{"line":7,"column":null}}]},"1":{"loc":{"start":{"line":5,"column":6},"end":{"line":5,"column":16}},"type":"binary-expr","locations":[{"start":{"line":5,"column":6},"end":{"line":5,"column":16}},{"start":{"line":5,"column":20},"end":{"line":5,"column":31}},{"start":{"line":5,"column":35},"end":{"line":5,"column":43}},{"start":{"line":5,"column":47},"end":{"line":5,"column":56}}]},"2":{"loc":{"start":{"line":25,"column":2},"end":{"line":27,"column":null}},"type":"if","locations":[{"start":{"line":25,"column":2},"end":{"line":27,"column":null}},{"start":{"line":25,"column":2},"end":{"line":27,"column":null}}]},"3":{"loc":{"start":{"line":31,"column":2},"end":{"line":33,"column":null}},"type":"if","locations":[{"start":{"line":31,"column":2},"end":{"line":33,"column":null}},{"start":{"line":31,"column":2},"end":{"line":33,"column":null}}]},"4":{"loc":{"start":{"line":37,"column":2},"end":{"line":39,"column":null}},"type":"if","locations":[{"start":{"line":37,"column":2},"end":{"line":39,"column":null}},{"start":{"line":37,"column":2},"end":{"line":39,"column":null}}]},"5":{"loc":{"start":{"line":37,"column":6},"end":{"line":37,"column":12}},"type":"binary-expr","locations":[{"start":{"line":37,"column":6},"end":{"line":37,"column":12}},{"start":{"line":37,"column":16},"end":{"line":37,"column":29}}]},"6":{"loc":{"start":{"line":40,"column":2},"end":{"line":42,"column":null}},"type":"if","locations":[{"start":{"line":40,"column":2},"end":{"line":42,"column":null}},{"start":{"line":40,"column":2},"end":{"line":42,"column":null}}]},"7":{"loc":{"start":{"line":50,"column":2},"end":{"line":56,"column":null}},"type":"if","locations":[{"start":{"line":50,"column":2},"end":{"line":56,"column":null}},{"start":{"line":50,"column":2},"end":{"line":56,"column":null}}]},"8":{"loc":{"start":{"line":52,"column":9},"end":{"line":56,"column":null}},"type":"if","locations":[{"start":{"line":52,"column":9},"end":{"line":56,"column":null}},{"start":{"line":52,"column":9},"end":{"line":56,"column":null}}]}},"s":{"0":8,"1":8,"2":8,"3":2,"4":6,"5":102,"6":12,"7":1,"8":11,"9":11,"10":11,"11":2,"12":9,"13":9,"14":9,"15":9,"16":1,"17":8,"18":2,"19":6,"20":6,"21":6,"22":102,"23":6,"24":6,"25":6,"26":2,"27":4,"28":2,"29":2,"30":6,"31":1},"f":{"0":8,"1":102,"2":12},"b":{"0":[2,6],"1":[8,7,7,6],"2":[1,11],"3":[2,9],"4":[1,8],"5":[9,2],"6":[2,6],"7":[2,4],"8":[2,2]}}
,"D:\\Works\\weiyi\\bxs-js-tools\\src\\isIos\\isIos.ts": {"path":"D:\\Works\\weiyi\\bxs-js-tools\\src\\isIos\\isIos.ts","statementMap":{"0":{"start":{"line":1,"column":0},"end":{"line":1,"column":55}},"1":{"start":{"line":13,"column":2},"end":{"line":15,"column":null}},"2":{"start":{"line":12,"column":0},"end":{"line":12,"column":24}}},"fnMap":{"0":{"name":"isIos","decl":{"start":{"line":12,"column":24},"end":{"line":12,"column":29}},"loc":{"start":{"line":12,"column":40},"end":{"line":16,"column":1}}}},"branchMap":{},"s":{"0":1,"1":16,"2":1},"f":{"0":16},"b":{}}
,"D:\\Works\\weiyi\\bxs-js-tools\\src\\isMobilePhone\\isMobilePhone.ts": {"path":"D:\\Works\\weiyi\\bxs-js-tools\\src\\isMobilePhone\\isMobilePhone.ts","statementMap":{"0":{"start":{"line":11,"column":2},"end":{"line":13,"column":null}},"1":{"start":{"line":12,"column":4},"end":{"line":12,"column":null}},"2":{"start":{"line":14,"column":2},"end":{"line":14,"column":null}},"3":{"start":{"line":10,"column":0},"end":{"line":10,"column":24}}},"fnMap":{"0":{"name":"isMobilePhone","decl":{"start":{"line":10,"column":24},"end":{"line":10,"column":37}},"loc":{"start":{"line":10,"column":49},"end":{"line":15,"column":1}}}},"branchMap":{"0":{"loc":{"start":{"line":11,"column":2},"end":{"line":13,"column":null}},"type":"if","locations":[{"start":{"line":11,"column":2},"end":{"line":13,"column":null}},{"start":{"line":11,"column":2},"end":{"line":13,"column":null}}]}},"s":{"0":5,"1":1,"2":4,"3":1},"f":{"0":5},"b":{"0":[1,4]}}
,"D:\\Works\\weiyi\\bxs-js-tools\\src\\isPostalCode\\isPostalCode.ts": {"path":"D:\\Works\\weiyi\\bxs-js-tools\\src\\isPostalCode\\isPostalCode.ts","statementMap":{"0":{"start":{"line":11,"column":2},"end":{"line":13,"column":null}},"1":{"start":{"line":12,"column":4},"end":{"line":12,"column":null}},"2":{"start":{"line":14,"column":2},"end":{"line":14,"column":null}},"3":{"start":{"line":10,"column":0},"end":{"line":10,"column":24}}},"fnMap":{"0":{"name":"isPostalCode","decl":{"start":{"line":10,"column":24},"end":{"line":10,"column":36}},"loc":{"start":{"line":10,"column":48},"end":{"line":15,"column":1}}}},"branchMap":{"0":{"loc":{"start":{"line":11,"column":2},"end":{"line":13,"column":null}},"type":"if","locations":[{"start":{"line":11,"column":2},"end":{"line":13,"column":null}},{"start":{"line":11,"column":2},"end":{"line":13,"column":null}}]}},"s":{"0":4,"1":1,"2":3,"3":1},"f":{"0":4},"b":{"0":[1,3]}}
,"D:\\Works\\weiyi\\bxs-js-tools\\src\\isToBApp\\isToBApp.ts": {"path":"D:\\Works\\weiyi\\bxs-js-tools\\src\\isToBApp\\isToBApp.ts","statementMap":{"0":{"start":{"line":1,"column":0},"end":{"line":1,"column":55}},"1":{"start":{"line":13,"column":2},"end":{"line":13,"column":null}},"2":{"start":{"line":12,"column":0},"end":{"line":12,"column":24}}},"fnMap":{"0":{"name":"isToBApp","decl":{"start":{"line":12,"column":24},"end":{"line":12,"column":32}},"loc":{"start":{"line":12,"column":44},"end":{"line":14,"column":1}}}},"branchMap":{},"s":{"0":2,"1":23,"2":2},"f":{"0":23},"b":{}}
,"D:\\Works\\weiyi\\bxs-js-tools\\src\\isVehicleCode\\isVehicleCode.ts": {"path":"D:\\Works\\weiyi\\bxs-js-tools\\src\\isVehicleCode\\isVehicleCode.ts","statementMap":{"0":{"start":{"line":13,"column":52},"end":{"line":13,"column":null}},"1":{"start":{"line":14,"column":2},"end":{"line":16,"column":null}},"2":{"start":{"line":15,"column":4},"end":{"line":15,"column":null}},"3":{"start":{"line":17,"column":15},"end":{"line":17,"column":107}},"4":{"start":{"line":18,"column":15},"end":{"line":18,"column":114}},"5":{"start":{"line":19,"column":16},"end":{"line":19,"column":55}},"6":{"start":{"line":20,"column":2},"end":{"line":22,"column":null}},"7":{"start":{"line":21,"column":4},"end":{"line":21,"column":null}},"8":{"start":{"line":23,"column":2},"end":{"line":25,"column":null}},"9":{"start":{"line":24,"column":4},"end":{"line":24,"column":null}},"10":{"start":{"line":26,"column":2},"end":{"line":26,"column":null}},"11":{"start":{"line":13,"column":0},"end":{"line":13,"column":24}}},"fnMap":{"0":{"name":"isVehicleCode","decl":{"start":{"line":13,"column":24},"end":{"line":13,"column":37}},"loc":{"start":{"line":13,"column":66},"end":{"line":27,"column":1}}}},"branchMap":{"0":{"loc":{"start":{"line":13,"column":52},"end":{"line":13,"column":null}},"type":"if","locations":[{"start":{"line":13,"column":52},"end":{"line":13,"column":null}},{"start":{"line":13,"column":52},"end":{"line":13,"column":null}}]},"1":{"loc":{"start":{"line":14,"column":2},"end":{"line":16,"column":null}},"type":"if","locations":[{"start":{"line":14,"column":2},"end":{"line":16,"column":null}},{"start":{"line":14,"column":2},"end":{"line":16,"column":null}}]},"2":{"loc":{"start":{"line":19,"column":25},"end":{"line":19,"column":48}},"type":"cond-expr","locations":[{"start":{"line":19,"column":25},"end":{"line":19,"column":48}},{"start":{"line":19,"column":51},"end":{"line":19,"column":55}}]},"3":{"loc":{"start":{"line":20,"column":2},"end":{"line":22,"column":null}},"type":"if","locations":[{"start":{"line":20,"column":2},"end":{"line":22,"column":null}},{"start":{"line":20,"column":2},"end":{"line":22,"column":null}}]},"4":{"loc":{"start":{"line":23,"column":2},"end":{"line":25,"column":null}},"type":"if","locations":[{"start":{"line":23,"column":2},"end":{"line":25,"column":null}},{"start":{"line":23,"column":2},"end":{"line":25,"column":null}}]}},"s":{"0":47,"1":25,"2":1,"3":24,"4":24,"5":24,"6":24,"7":12,"8":12,"9":5,"10":7,"11":1},"f":{"0":25},"b":{"0":[22,3],"1":[1,24],"2":[3,21],"3":[12,12],"4":[5,7]}}
,"D:\\Works\\weiyi\\bxs-js-tools\\src\\isWeChat\\isWeChat.ts": {"path":"D:\\Works\\weiyi\\bxs-js-tools\\src\\isWeChat\\isWeChat.ts","statementMap":{"0":{"start":{"line":1,"column":0},"end":{"line":1,"column":55}},"1":{"start":{"line":13,"column":2},"end":{"line":13,"column":null}},"2":{"start":{"line":12,"column":0},"end":{"line":12,"column":24}}},"fnMap":{"0":{"name":"isWeChat","decl":{"start":{"line":12,"column":24},"end":{"line":12,"column":32}},"loc":{"start":{"line":12,"column":44},"end":{"line":14,"column":1}}}},"branchMap":{},"s":{"0":1,"1":18,"2":1},"f":{"0":18},"b":{}}
,"D:\\Works\\weiyi\\bxs-js-tools\\src\\isYjjApp\\isYjjApp.ts": {"path":"D:\\Works\\weiyi\\bxs-js-tools\\src\\isYjjApp\\isYjjApp.ts","statementMap":{"0":{"start":{"line":1,"column":0},"end":{"line":1,"column":55}},"1":{"start":{"line":13,"column":2},"end":{"line":13,"column":null}},"2":{"start":{"line":12,"column":0},"end":{"line":12,"column":24}}},"fnMap":{"0":{"name":"isYjjApp","decl":{"start":{"line":12,"column":24},"end":{"line":12,"column":32}},"loc":{"start":{"line":12,"column":44},"end":{"line":14,"column":1}}}},"branchMap":{},"s":{"0":2,"1":22,"2":2},"f":{"0":22},"b":{}}
}
