TN:
SF:D:\Works\weiyi\bxs-js-tools\src\VERSION\VERSION.ts
FNF:0
FNH:0
DA:6,1
DA:8,1
LF:2
LH:2
BRF:0
BRH:0
end_of_record
TN:
SF:D:\Works\weiyi\bxs-js-tools\src\_getUaString\_getUaString.ts
FN:10,_getUaString
FNF:1
FNH:1
FNDA:166,_getUaString
DA:10,9
DA:12,166
DA:13,73
DA:15,93
DA:17,166
LF:5
LH:5
BRDA:12,0,0,73
BRDA:12,0,1,93
BRDA:13,1,0,65
BRDA:13,1,1,8
BRDA:15,2,0,20
BRDA:15,2,1,73
BRF:6
BRH:6
end_of_record
TN:
SF:D:\Works\weiyi\bxs-js-tools\src\_isDate\_isDate.ts
FN:10,_isDate
FNF:1
FNH:1
FNDA:148,_isDate
DA:10,2
DA:11,148
LF:2
LH:2
BRDA:12,0,0,148
BRDA:12,0,1,140
BRDA:12,0,2,138
BRF:3
BRH:3
end_of_record
TN:
SF:D:\Works\weiyi\bxs-js-tools\src\_isProdEnv\_isProdEnv.ts
FN:10,_isProdEnv
FNF:1
FNH:1
FNDA:18,_isProdEnv
DA:10,1
DA:12,18
DA:13,18
LF:3
LH:3
BRDA:12,0,0,17
BRDA:12,0,1,1
BRDA:14,1,0,18
BRDA:14,1,1,7
BRDA:14,1,2,12
BRF:5
BRH:5
end_of_record
TN:
SF:D:\Works\weiyi\bxs-js-tools\src\calcAge\calcAge.ts
FN:33,calcAge
FNF:1
FNH:1
FNDA:12,calcAge
DA:1,1
DA:2,1
DA:33,1
DA:35,13
DA:37,12
DA:38,11
DA:40,7
DA:41,7
DA:42,7
DA:44,7
DA:45,7
DA:47,7
DA:48,7
DA:49,7
DA:53,7
DA:54,7
DA:56,7
LF:17
LH:17
BRDA:35,0,0,1
BRDA:35,0,1,11
BRDA:37,1,0,1
BRDA:37,1,1,11
BRDA:38,2,0,4
BRDA:38,2,1,7
BRDA:42,3,0,1
BRDA:42,3,1,6
BRF:8
BRH:8
end_of_record
TN:
SF:D:\Works\weiyi\bxs-js-tools\src\getAppVersion\getAppVersion.ts
FN:12,getAppVersion
FNF:1
FNH:1
FNDA:24,getAppVersion
DA:1,1
DA:12,1
DA:14,24
DA:15,24
DA:16,24
DA:17,8
DA:19,16
DA:20,16
DA:21,4
DA:23,12
DA:24,12
DA:25,2
DA:27,10
DA:28,10
DA:29,2
DA:31,8
LF:16
LH:16
BRDA:16,0,0,8
BRDA:16,0,1,16
BRDA:16,1,0,24
BRDA:16,1,1,8
BRDA:20,2,0,4
BRDA:20,2,1,12
BRDA:20,3,0,16
BRDA:20,3,1,4
BRDA:24,4,0,2
BRDA:24,4,1,10
BRDA:24,5,0,12
BRDA:24,5,1,2
BRDA:28,6,0,2
BRDA:28,6,1,8
BRDA:28,7,0,10
BRDA:28,7,1,2
BRF:16
BRH:16
end_of_record
TN:
SF:D:\Works\weiyi\bxs-js-tools\src\humanTime\humanTime.ts
FN:39,humanTime
FNF:1
FNH:1
FNDA:63,humanTime
DA:1,1
DA:2,1
DA:3,1
DA:5,1
DA:6,1
DA:39,1
DA:41,64
DA:44,63
DA:45,1
DA:46,62
DA:47,58
DA:48,3
DA:50,55
LF:13
LH:13
BRDA:41,0,0,1
BRDA:41,0,1,62
BRDA:44,1,0,1
BRDA:44,1,1,62
BRDA:46,2,0,4
BRDA:46,2,1,58
BRDA:47,3,0,3
BRDA:47,3,1,55
BRDA:47,4,0,58
BRDA:47,4,1,4
BRF:10
BRH:10
end_of_record
TN:
SF:D:\Works\weiyi\bxs-js-tools\src\isAndroid\isAndroid.ts
FN:12,isAndroid
FNF:1
FNH:1
FNDA:14,isAndroid
DA:1,1
DA:12,1
DA:13,14
LF:3
LH:3
BRF:0
BRH:0
end_of_record
TN:
SF:D:\Works\weiyi\bxs-js-tools\src\isApp\isApp.ts
FN:16,isApp
FNF:1
FNH:1
FNDA:8,isApp
DA:1,1
DA:2,1
DA:3,1
DA:4,1
DA:16,1
DA:17,8
LF:6
LH:6
BRDA:17,0,0,8
BRDA:17,0,1,5
BRDA:17,0,2,4
BRDA:17,0,3,3
BRF:4
BRH:4
end_of_record
TN:
SF:D:\Works\weiyi\bxs-js-tools\src\isBrokerApp\isBrokerApp.ts
FN:12,isBrokerApp
FNF:1
FNH:1
FNDA:23,isBrokerApp
DA:1,2
DA:12,2
DA:13,23
LF:3
LH:3
BRF:0
BRH:0
end_of_record
TN:
SF:D:\Works\weiyi\bxs-js-tools\src\isBxsApp\isBxsApp.ts
FN:12,isBxsApp
FNF:1
FNH:1
FNDA:26,isBxsApp
DA:1,2
DA:12,2
DA:13,26
LF:3
LH:3
BRF:0
BRH:0
end_of_record
TN:
SF:D:\Works\weiyi\bxs-js-tools\src\isIP\isIP.ts
FN:13,isIP
FN:29,(anonymous_1)
FNF:2
FNH:2
FNDA:147,isIP
FNDA:75,(anonymous_1)
DA:1,1
DA:2,1
DA:13,1
DA:14,147
DA:15,1
DA:17,146
DA:18,1
DA:20,145
DA:21,38
DA:23,107
DA:24,72
DA:25,57
DA:27,15
DA:29,75
DA:30,15
DA:32,35
DA:33,34
DA:34,34
DA:40,34
DA:41,34
DA:43,34
DA:44,3
DA:47,31
DA:48,1
DA:50,30
DA:51,8
DA:52,8
DA:53,8
DA:54,22
DA:55,3
DA:56,3
DA:57,3
DA:60,30
DA:63,69
DA:64,3
DA:65,1
DA:67,2
DA:68,66
DA:71,62
DA:72,15
DA:75,14
DA:76,8
DA:78,6
DA:80,1
LF:44
LH:44
BRDA:14,0,0,1
BRDA:14,0,1,146
BRDA:17,1,0,1
BRDA:17,1,1,145
BRDA:17,2,0,146
BRDA:17,2,1,108
BRDA:20,3,0,38
BRDA:20,3,1,107
BRDA:21,4,0,38
BRDA:21,4,1,34
BRDA:23,5,0,72
BRDA:23,5,1,35
BRDA:24,6,0,57
BRDA:24,6,1,15
BRDA:32,7,0,34
BRDA:32,7,1,1
BRDA:41,8,0,5
BRDA:41,8,1,29
BRDA:43,9,0,3
BRDA:43,9,1,31
BRDA:47,10,0,1
BRDA:47,10,1,30
BRDA:50,11,0,8
BRDA:50,11,1,22
BRDA:54,12,0,3
BRDA:54,12,1,19
BRDA:63,13,0,3
BRDA:63,13,1,66
BRDA:63,14,0,69
BRDA:63,14,1,6
BRDA:63,14,2,4
BRDA:64,15,0,1
BRDA:64,15,1,2
BRDA:68,16,0,4
BRDA:68,16,1,62
BRDA:68,17,0,66
BRDA:68,17,1,17
BRDA:71,18,0,15
BRDA:71,18,1,47
BRDA:75,19,0,8
BRDA:75,19,1,6
BRF:41
BRH:41
end_of_record
TN:
SF:D:\Works\weiyi\bxs-js-tools\src\isIdentityCard\isIdentityCard.ts
FN:1,checkBirth
FN:10,weight
FN:24,isIdentityCard
FNF:3
FNH:3
FNDA:8,checkBirth
FNDA:102,weight
FNDA:12,isIdentityCard
DA:2,8
DA:3,8
DA:5,8
DA:6,2
DA:8,6
DA:11,102
DA:24,1
DA:25,12
DA:26,1
DA:29,11
DA:30,11
DA:31,11
DA:32,2
DA:34,9
DA:35,9
DA:36,9
DA:37,9
DA:38,1
DA:40,8
DA:41,2
DA:44,6
DA:45,6
DA:46,102
DA:48,6
DA:49,6
DA:50,6
DA:51,2
DA:52,4
DA:53,2
DA:55,2
DA:57,6
LF:31
LH:31
BRDA:5,0,0,2
BRDA:5,0,1,6
BRDA:5,1,0,8
BRDA:5,1,1,7
BRDA:5,1,2,7
BRDA:5,1,3,6
BRDA:25,2,0,1
BRDA:25,2,1,11
BRDA:31,3,0,2
BRDA:31,3,1,9
BRDA:37,4,0,1
BRDA:37,4,1,8
BRDA:37,5,0,9
BRDA:37,5,1,2
BRDA:40,6,0,2
BRDA:40,6,1,6
BRDA:50,7,0,2
BRDA:50,7,1,4
BRDA:52,8,0,2
BRDA:52,8,1,2
BRF:20
BRH:20
end_of_record
TN:
SF:D:\Works\weiyi\bxs-js-tools\src\isIos\isIos.ts
FN:12,isIos
FNF:1
FNH:1
FNDA:16,isIos
DA:1,1
DA:12,1
DA:13,16
LF:3
LH:3
BRF:0
BRH:0
end_of_record
TN:
SF:D:\Works\weiyi\bxs-js-tools\src\isMobilePhone\isMobilePhone.ts
FN:10,isMobilePhone
FNF:1
FNH:1
FNDA:5,isMobilePhone
DA:10,1
DA:11,5
DA:12,1
DA:14,4
LF:4
LH:4
BRDA:11,0,0,1
BRDA:11,0,1,4
BRF:2
BRH:2
end_of_record
TN:
SF:D:\Works\weiyi\bxs-js-tools\src\isPostalCode\isPostalCode.ts
FN:10,isPostalCode
FNF:1
FNH:1
FNDA:4,isPostalCode
DA:10,1
DA:11,4
DA:12,1
DA:14,3
LF:4
LH:4
BRDA:11,0,0,1
BRDA:11,0,1,3
BRF:2
BRH:2
end_of_record
TN:
SF:D:\Works\weiyi\bxs-js-tools\src\isToBApp\isToBApp.ts
FN:12,isToBApp
FNF:1
FNH:1
FNDA:23,isToBApp
DA:1,2
DA:12,2
DA:13,23
LF:3
LH:3
BRF:0
BRH:0
end_of_record
TN:
SF:D:\Works\weiyi\bxs-js-tools\src\isVehicleCode\isVehicleCode.ts
FN:13,isVehicleCode
FNF:1
FNH:1
FNDA:25,isVehicleCode
DA:13,47
DA:14,25
DA:15,1
DA:17,24
DA:18,24
DA:19,24
DA:20,24
DA:21,12
DA:23,12
DA:24,5
DA:26,7
LF:11
LH:11
BRDA:13,0,0,22
BRDA:13,0,1,3
BRDA:14,1,0,1
BRDA:14,1,1,24
BRDA:19,2,0,3
BRDA:19,2,1,21
BRDA:20,3,0,12
BRDA:20,3,1,12
BRDA:23,4,0,5
BRDA:23,4,1,7
BRF:10
BRH:10
end_of_record
TN:
SF:D:\Works\weiyi\bxs-js-tools\src\isWeChat\isWeChat.ts
FN:12,isWeChat
FNF:1
FNH:1
FNDA:18,isWeChat
DA:1,1
DA:12,1
DA:13,18
LF:3
LH:3
BRF:0
BRH:0
end_of_record
TN:
SF:D:\Works\weiyi\bxs-js-tools\src\isYjjApp\isYjjApp.ts
FN:12,isYjjApp
FNF:1
FNH:1
FNDA:22,isYjjApp
DA:1,2
DA:12,2
DA:13,22
LF:3
LH:3
BRF:0
BRH:0
end_of_record
